{
  "uid" : "8801d0cfcae24f2f",
  "name" : "test_check_edited_article[chrome]",
  "fullName" : "test_src.Tests.test05_edit_article_from_txt_file.test_TC07.TestEditArticle#test_check_edited_article",
  "historyId" : "4a29c92bcd751b9b575a97574d58c29d",
  "time" : {
    "start" : 1629146555918,
    "stop" : 1629146561473,
    "duration" : 5555
  },
  "status" : "broken",
  "statusMessage" : "selenium.common.exceptions.TimeoutException: Message:",
  "statusTrace" : "self = <test_src.Tests.test05_edit_article_from_txt_file.test_TC07.TestEditArticle object at 0x7fc7f2f61790>\n\n    def test_check_edited_article(self):\n        try:\n            self.ArticlePage = ArticlePage(self.driver)\n>           assert self.ArticlePage.is_article_title_displayed() == TestData.inputs_article_form_changes[0]\n\ntest_src/Tests/test05_edit_article_from_txt_file/test_TC07.py:109: \n_ _ _ _ _ _ _ _ _ _ _ _ _ _ _ _ _ _ _ _ _ _ _ _ _ _ _ _ _ _ _ _ _ _ _ _ _ _ _ _ \ntest_src/Pages/ArticlePage.py:15: in is_article_title_displayed\n    return self.get_element_text(ArticlePgWebElements.article_title)\ntest_src/Pages/base_commands.py:80: in get_element_text\n    element = WebDriverWait(self.driver, 5).until(EC.visibility_of_element_located(by_locator))\n_ _ _ _ _ _ _ _ _ _ _ _ _ _ _ _ _ _ _ _ _ _ _ _ _ _ _ _ _ _ _ _ _ _ _ _ _ _ _ _ \n\nself = <selenium.webdriver.support.wait.WebDriverWait (session=\"70d57f54b0dd044c216c3a89a4c4dbbb\")>\nmethod = <selenium.webdriver.support.expected_conditions.visibility_of_element_located object at 0x7fc7f2f90610>\nmessage = ''\n\n    def until(self, method, message=''):\n        \"\"\"Calls the method provided with the driver as an argument until the \\\n        return value is not False.\"\"\"\n        screen = None\n        stacktrace = None\n    \n        end_time = time.time() + self._timeout\n        while True:\n            try:\n                value = method(self._driver)\n                if value:\n                    return value\n            except self._ignored_exceptions as exc:\n                screen = getattr(exc, 'screen', None)\n                stacktrace = getattr(exc, 'stacktrace', None)\n            time.sleep(self._poll)\n            if time.time() > end_time:\n                break\n>       raise TimeoutException(message, screen, stacktrace)\nE       selenium.common.exceptions.TimeoutException: Message:\n\n/opt/hostedtoolcache/Python/3.9.5/x64/lib/python3.9/site-packages/selenium/webdriver/support/wait.py:80: TimeoutException",
  "flaky" : false,
  "newFailed" : false,
  "beforeStages" : [ {
    "name" : "init_driver",
    "time" : {
      "start" : 1629146536807,
      "stop" : 1629146538013,
      "duration" : 1206
    },
    "status" : "passed",
    "steps" : [ ],
    "attachments" : [ ],
    "parameters" : [ ],
    "stepsCount" : 0,
    "attachmentsCount" : 0,
    "shouldDisplayMessage" : false,
    "hasContent" : false
  } ],
  "afterStages" : [ {
    "name" : "init_driver::0",
    "time" : {
      "start" : 1629146561628,
      "stop" : 1629146561687,
      "duration" : 59
    },
    "status" : "passed",
    "steps" : [ ],
    "attachments" : [ ],
    "parameters" : [ ],
    "stepsCount" : 0,
    "attachmentsCount" : 0,
    "shouldDisplayMessage" : false,
    "hasContent" : false
  } ],
  "labels" : [ {
    "name" : "tag",
    "value" : "@pytest.mark.usefixtures('init_driver')"
  }, {
    "name" : "parentSuite",
    "value" : "test_src.Tests.test05_edit_article_from_txt_file"
  }, {
    "name" : "suite",
    "value" : "test_TC07"
  }, {
    "name" : "subSuite",
    "value" : "TestEditArticle"
  }, {
    "name" : "host",
    "value" : "fv-az77-942"
  }, {
    "name" : "thread",
    "value" : "3807-MainThread"
  }, {
    "name" : "framework",
    "value" : "pytest"
  }, {
    "name" : "language",
    "value" : "cpython3"
  }, {
    "name" : "package",
    "value" : "test_src.Tests.test05_edit_article_from_txt_file.test_TC07"
  }, {
    "name" : "resultFormat",
    "value" : "allure2"
  } ],
  "parameters" : [ {
    "name" : "init_driver",
    "value" : "'chrome'"
  } ],
  "links" : [ ],
  "hidden" : false,
  "retry" : false,
  "extra" : {
    "severity" : "normal",
    "retries" : [ ],
    "categories" : [ {
      "name" : "Test defects",
      "matchedStatuses" : [ ],
      "flaky" : false
    } ],
    "tags" : [ "@pytest.mark.usefixtures('init_driver')" ]
  },
  "source" : "8801d0cfcae24f2f.json",
  "parameterValues" : [ "'chrome'" ]
}