{
  "uid" : "2808a7a447c6fa4d",
  "name" : "test_edit_an_existing_article[chrome]",
  "fullName" : "test_src.Tests.test06_delete_article.test_TC08.TestDeleteArticle#test_edit_an_existing_article",
  "historyId" : "2a3e9f3dda062ef4e34da4ff25547649",
  "time" : {
    "start" : 1629090448354,
    "stop" : 1629090453962,
    "duration" : 5608
  },
  "status" : "broken",
  "statusMessage" : "selenium.common.exceptions.TimeoutException: Message:",
  "statusTrace" : "self = <test_src.Tests.test06_delete_article.test_TC08.TestDeleteArticle object at 0x7f0dd25b4ee0>\n\n    def test_edit_an_existing_article(self):\n        try:\n            self.MainPage = MainPage(self.driver)\n            assert self.MainPage.is_username_displayed() == TestData.reg_test_valid[0]\n            self.MainPage.scroll_to_end_of_the_page()\n>           assert self.MainPage.is_next_btn_displayed() is True\n\ntest_src/Tests/test06_delete_article/test_TC08.py:93: \n_ _ _ _ _ _ _ _ _ _ _ _ _ _ _ _ _ _ _ _ _ _ _ _ _ _ _ _ _ _ _ _ _ _ _ _ _ _ _ _ \ntest_src/Pages/MainPage.py:63: in is_next_btn_displayed\n    return self.is_element_displayed(MainPgWebElements.list_scroll_next_btn)\ntest_src/Pages/base_commands.py:38: in is_element_displayed\n    element = WebDriverWait(self.driver, 5).until(EC.visibility_of_element_located(by_locator))\n_ _ _ _ _ _ _ _ _ _ _ _ _ _ _ _ _ _ _ _ _ _ _ _ _ _ _ _ _ _ _ _ _ _ _ _ _ _ _ _ \n\nself = <selenium.webdriver.support.wait.WebDriverWait (session=\"abff57d101e2d9d275b1ca3b6e58d8da\")>\nmethod = <selenium.webdriver.support.expected_conditions.visibility_of_element_located object at 0x7f0dd25b4b80>\nmessage = ''\n\n    def until(self, method, message=''):\n        \"\"\"Calls the method provided with the driver as an argument until the \\\n        return value is not False.\"\"\"\n        screen = None\n        stacktrace = None\n    \n        end_time = time.time() + self._timeout\n        while True:\n            try:\n                value = method(self._driver)\n                if value:\n                    return value\n            except self._ignored_exceptions as exc:\n                screen = getattr(exc, 'screen', None)\n                stacktrace = getattr(exc, 'stacktrace', None)\n            time.sleep(self._poll)\n            if time.time() > end_time:\n                break\n>       raise TimeoutException(message, screen, stacktrace)\nE       selenium.common.exceptions.TimeoutException: Message:\n\n/opt/hostedtoolcache/Python/3.9.5/x64/lib/python3.9/site-packages/selenium/webdriver/support/wait.py:80: TimeoutException",
  "flaky" : false,
  "newFailed" : false,
  "beforeStages" : [ {
    "name" : "init_driver",
    "time" : {
      "start" : 1629090434684,
      "stop" : 1629090435914,
      "duration" : 1230
    },
    "status" : "passed",
    "steps" : [ ],
    "attachments" : [ ],
    "parameters" : [ ],
    "stepsCount" : 0,
    "attachmentsCount" : 0,
    "shouldDisplayMessage" : false,
    "hasContent" : false
  } ],
  "afterStages" : [ {
    "name" : "init_driver::0",
    "time" : {
      "start" : 1629090454149,
      "stop" : 1629090454215,
      "duration" : 66
    },
    "status" : "passed",
    "steps" : [ ],
    "attachments" : [ ],
    "parameters" : [ ],
    "stepsCount" : 0,
    "attachmentsCount" : 0,
    "shouldDisplayMessage" : false,
    "hasContent" : false
  } ],
  "labels" : [ {
    "name" : "tag",
    "value" : "@pytest.mark.usefixtures('init_driver')"
  }, {
    "name" : "parentSuite",
    "value" : "test_src.Tests.test06_delete_article"
  }, {
    "name" : "suite",
    "value" : "test_TC08"
  }, {
    "name" : "subSuite",
    "value" : "TestDeleteArticle"
  }, {
    "name" : "host",
    "value" : "fv-az39-430"
  }, {
    "name" : "thread",
    "value" : "3803-MainThread"
  }, {
    "name" : "framework",
    "value" : "pytest"
  }, {
    "name" : "language",
    "value" : "cpython3"
  }, {
    "name" : "package",
    "value" : "test_src.Tests.test06_delete_article.test_TC08"
  }, {
    "name" : "resultFormat",
    "value" : "allure2"
  } ],
  "parameters" : [ {
    "name" : "init_driver",
    "value" : "'chrome'"
  } ],
  "links" : [ ],
  "hidden" : false,
  "retry" : false,
  "extra" : {
    "severity" : "normal",
    "retries" : [ ],
    "categories" : [ {
      "name" : "Test defects",
      "matchedStatuses" : [ ],
      "flaky" : false
    } ],
    "tags" : [ "@pytest.mark.usefixtures('init_driver')" ]
  },
  "source" : "2808a7a447c6fa4d.json",
  "parameterValues" : [ "'chrome'" ]
}